<?xml version="1.0" encoding="utf-8"?>
<test-run id="2" testcasecount="2" result="Failed(Child)" total="2" passed="1" failed="1" inconclusive="0" skipped="0" asserts="0" engine-version="3.5.0.0" clr-version="4.0.30319.42000" start-time="2026-02-17 08:36:54Z" end-time="2026-02-17 08:36:55Z" duration="0.3425585">
  <test-suite type="TestSuite" id="1011" name="UnityChatNovelGame" fullname="UnityChatNovelGame" runstate="Runnable" testcasecount="3" result="Failed" site="Child" start-time="2026-02-17 08:36:54Z" end-time="2026-02-17 08:36:55Z" duration="0.342559" total="2" passed="1" failed="1" inconclusive="0" skipped="0" asserts="0">
    <properties>
      <property name="platform" value="PlayMode" />
    </properties>
    <failure>
      <message><![CDATA[One or more child tests had errors]]></message>
    </failure>
    <test-suite type="Assembly" id="1006" name="ProjectFoundPhone.PlayModeTests.dll" fullname="C:/Users/PLANNER007/UnityChatNovelGame/Library/ScriptAssemblies/ProjectFoundPhone.PlayModeTests.dll" runstate="Runnable" testcasecount="3" result="Failed" site="Child" start-time="2026-02-17 08:36:54Z" end-time="2026-02-17 08:36:55Z" duration="0.335485" total="2" passed="1" failed="1" inconclusive="0" skipped="0" asserts="0">
      <properties>
        <property name="_PID" value="35272" />
        <property name="_APPDOMAIN" value="Unity Child Domain" />
        <property name="platform" value="PlayMode" />
        <property name="EditorOnly" value="False" />
      </properties>
      <failure>
        <message><![CDATA[One or more child tests had errors]]></message>
      </failure>
      <test-suite type="TestSuite" id="1007" name="ProjectFoundPhone" fullname="ProjectFoundPhone" runstate="Runnable" testcasecount="3" result="Failed" site="Child" start-time="2026-02-17 08:36:54Z" end-time="2026-02-17 08:36:55Z" duration="0.334672" total="2" passed="1" failed="1" inconclusive="0" skipped="0" asserts="0">
        <properties />
        <failure>
          <message><![CDATA[One or more child tests had errors]]></message>
        </failure>
        <test-suite type="TestSuite" id="1008" name="Tests" fullname="ProjectFoundPhone.Tests" runstate="Runnable" testcasecount="3" result="Failed" site="Child" start-time="2026-02-17 08:36:54Z" end-time="2026-02-17 08:36:55Z" duration="0.334159" total="2" passed="1" failed="1" inconclusive="0" skipped="0" asserts="0">
          <properties />
          <failure>
            <message><![CDATA[One or more child tests had errors]]></message>
          </failure>
          <test-suite type="TestFixture" id="1003" name="VerticalSliceSmokeGatePlayModeTests" fullname="ProjectFoundPhone.Tests.VerticalSliceSmokeGatePlayModeTests" classname="ProjectFoundPhone.Tests.VerticalSliceSmokeGatePlayModeTests" runstate="Runnable" testcasecount="2" result="Failed" site="Child" start-time="2026-02-17 08:36:54Z" end-time="2026-02-17 08:36:55Z" duration="0.333104" total="2" passed="1" failed="1" inconclusive="0" skipped="0" asserts="0">
            <properties />
            <failure>
              <message><![CDATA[One or more child tests had errors]]></message>
            </failure>
            <test-case id="1005" name="DebugChatScene_ChoiceAndImageFallback_AreUsable" fullname="ProjectFoundPhone.Tests.VerticalSliceSmokeGatePlayModeTests.DebugChatScene_ChoiceAndImageFallback_AreUsable" methodname="DebugChatScene_ChoiceAndImageFallback_AreUsable" classname="ProjectFoundPhone.Tests.VerticalSliceSmokeGatePlayModeTests" runstate="Runnable" seed="301597370" result="Passed" start-time="2026-02-17 08:36:54Z" end-time="2026-02-17 08:36:55Z" duration="0.274537" asserts="0">
              <properties>
                <property name="_JOINTYPE" value="UnityCombinatorial" />
                <property name="retryIteration" value="0" />
                <property name="repeatIteration" value="0" />
              </properties>
            </test-case>
            <test-case id="1004" name="VerticalSlice_SmokeFlow_TitleToChat_SaveLoad" fullname="ProjectFoundPhone.Tests.VerticalSliceSmokeGatePlayModeTests.VerticalSlice_SmokeFlow_TitleToChat_SaveLoad" methodname="VerticalSlice_SmokeFlow_TitleToChat_SaveLoad" classname="ProjectFoundPhone.Tests.VerticalSliceSmokeGatePlayModeTests" runstate="Runnable" seed="826443151" result="Failed" start-time="2026-02-17 08:36:55Z" end-time="2026-02-17 08:36:55Z" duration="0.049225" asserts="0">
              <properties>
                <property name="_JOINTYPE" value="UnityCombinatorial" />
                <property name="retryIteration" value="0" />
                <property name="repeatIteration" value="0" />
              </properties>
              <failure>
                <message><![CDATA[  TitleScene: TitleScreenManager not found.
  Expected: not null
  But was:  null
]]></message>
                <stack-trace><![CDATA[at ProjectFoundPhone.Tests.VerticalSliceSmokeGatePlayModeTests+<VerticalSlice_SmokeFlow_TitleToChat_SaveLoad>d__4.MoveNext () [0x00050] in C:\Users\PLANNER007\UnityChatNovelGame\Assets\Scripts\Tests\PlayMode\VerticalSliceSmokeGatePlayModeTests.cs:29
at UnityEngine.TestTools.TestEnumerator+<Execute>d__7.MoveNext () [0x0003a] in .\Library\PackageCache\com.unity.test-framework@0b7a23ab2e1d\UnityEngine.TestRunner\NUnitExtensions\Attributes\TestEnumerator.cs:44
]]></stack-trace>
              </failure>
              <output><![CDATA[VerticalSliceSmokeGate: Evidence saved to C:\Users\PLANNER007\UnityChatNovelGame\docs/evidence/TASK_047
<b><color=#2EA3FF>MCP-FOR-UNITY</color></b>: [TestRunnerNoThrottle] Restored Interaction Mode after test run.
Saving results to: C:/Users/PLANNER007/AppData/LocalLow/DefaultCompany/UnityChatNovelGame\TestResults.xml
]]></output>
            </test-case>
          </test-suite>
        </test-suite>
      </test-suite>
    </test-suite>
  </test-suite>
</test-run>